# JRE version: Java(TM) SE Runtime Environment (8.0_221-b11) (build 1.8.0_221-b11)
# Java VM: Java HotSpot(TM) 64-Bit Server VM (25.221-b11 mixed mode windows-amd64 compressed oops)
Heap:
 PSYoungGen      total 188416K, used 3232K [0x00000000d5f80000, 0x00000000e2e00000, 0x0000000100000000)
  eden space 173568K, 1% used [0x00000000d5f80000,0x00000000d62a8110,0x00000000e0900000)
  from space 14848K, 0% used [0x00000000e1f80000,0x00000000e1f80000,0x00000000e2e00000)
  to   space 18944K, 0% used [0x00000000e0900000,0x00000000e0900000,0x00000000e1b80000)
 ParOldGen       total 76288K, used 23986K [0x0000000081e00000, 0x0000000086880000, 0x00000000d5f80000)
  object space 76288K, 31% used [0x0000000081e00000,0x000000008356c8a8,0x0000000086880000)
 Metaspace       used 54389K, capacity 58122K, committed 58496K, reserved 1101824K
  class space    used 7553K, capacity 8195K, committed 8320K, reserved 1048576K
GC Heap History (10 events):
Event: 5.073 GC heap before
{Heap before GC invocations=9 (full 1):
 PSYoungGen      total 142848K, used 99481K [0x00000000d5f80000, 0x00000000df480000, 0x0000000100000000)
  eden space 133120K, 67% used [0x00000000d5f80000,0x00000000db72c930,0x00000000de180000)
  from space 9728K, 99% used [0x00000000de180000,0x00000000deaf9e40,0x00000000deb00000)
  to   space 8704K, 0% used [0x00000000dec00000,0x00000000dec00000,0x00000000df480000)
 ParOldGen       total 52224K, used 9203K [0x0000000081e00000, 0x0000000085100000, 0x00000000d5f80000)
  object space 52224K, 17% used [0x0000000081e00000,0x00000000826fced8,0x0000000085100000)
 Metaspace       used 33132K, capacity 35320K, committed 35456K, reserved 1079296K
  class space    used 4515K, capacity 4938K, committed 4992K, reserved 1048576K
Event: 5.089 GC heap after
Heap after GC invocations=9 (full 1):
 PSYoungGen      total 141824K, used 8695K [0x00000000d5f80000, 0x00000000df480000, 0x0000000100000000)
  eden space 133120K, 0% used [0x00000000d5f80000,0x00000000d5f80000,0x00000000de180000)
  from space 8704K, 99% used [0x00000000dec00000,0x00000000df47dd10,0x00000000df480000)
  to   space 9728K, 0% used [0x00000000de180000,0x00000000de180000,0x00000000deb00000)
 ParOldGen       total 52224K, used 10304K [0x0000000081e00000, 0x0000000085100000, 0x00000000d5f80000)
  object space 52224K, 19% used [0x0000000081e00000,0x0000000082810158,0x0000000085100000)
 Metaspace       used 33132K, capacity 35320K, committed 35456K, reserved 1079296K
  class space    used 4515K, capacity 4938K, committed 4992K, reserved 1048576K
}
Event: 5.089 GC heap before
{Heap before GC invocations=10 (full 2):
 PSYoungGen      total 141824K, used 8695K [0x00000000d5f80000, 0x00000000df480000, 0x0000000100000000)
  eden space 133120K, 0% used [0x00000000d5f80000,0x00000000d5f80000,0x00000000de180000)
  from space 8704K, 99% used [0x00000000dec00000,0x00000000df47dd10,0x00000000df480000)
  to   space 9728K, 0% used [0x00000000de180000,0x00000000de180000,0x00000000deb00000)
 ParOldGen       total 52224K, used 10304K [0x0000000081e00000, 0x0000000085100000, 0x00000000d5f80000)
  object space 52224K, 19% used [0x0000000081e00000,0x0000000082810158,0x0000000085100000)
 Metaspace       used 33132K, capacity 35320K, committed 35456K, reserved 1079296K
  class space    used 4515K, capacity 4938K, committed 4992K, reserved 1048576K
Event: 5.176 GC heap after
Heap after GC invocations=10 (full 2):
 PSYoungGen      total 141824K, used 0K [0x00000000d5f80000, 0x00000000df480000, 0x0000000100000000)
  eden space 133120K, 0% used [0x00000000d5f80000,0x00000000d5f80000,0x00000000de180000)
  from space 8704K, 0% used [0x00000000dec00000,0x00000000dec00000,0x00000000df480000)
  to   space 9728K, 0% used [0x00000000de180000,0x00000000de180000,0x00000000deb00000)
 ParOldGen       total 76288K, used 15194K [0x0000000081e00000, 0x0000000086880000, 0x00000000d5f80000)
  object space 76288K, 19% used [0x0000000081e00000,0x0000000082cd6ab0,0x0000000086880000)
 Metaspace       used 33132K, capacity 35320K, committed 35456K, reserved 1079296K
  class space    used 4515K, capacity 4938K, committed 4992K, reserved 1048576K
}
Event: 7.813 GC heap before
{Heap before GC invocations=11 (full 2):
 PSYoungGen      total 141824K, used 133120K [0x00000000d5f80000, 0x00000000df480000, 0x0000000100000000)
  eden space 133120K, 100% used [0x00000000d5f80000,0x00000000de180000,0x00000000de180000)
  from space 8704K, 0% used [0x00000000dec00000,0x00000000dec00000,0x00000000df480000)
  to   space 9728K, 0% used [0x00000000de180000,0x00000000de180000,0x00000000deb00000)
 ParOldGen       total 76288K, used 15194K [0x0000000081e00000, 0x0000000086880000, 0x00000000d5f80000)
  object space 76288K, 19% used [0x0000000081e00000,0x0000000082cd6ab0,0x0000000086880000)
 Metaspace       used 50150K, capacity 53322K, committed 53376K, reserved 1095680K
  class space    used 6955K, capacity 7515K, committed 7552K, reserved 1048576K
Event: 7.835 GC heap after
Heap after GC invocations=11 (full 2):
 PSYoungGen      total 142848K, used 9703K [0x00000000d5f80000, 0x00000000e3100000, 0x0000000100000000)
  eden space 133120K, 0% used [0x00000000d5f80000,0x00000000d5f80000,0x00000000de180000)
  from space 9728K, 99% used [0x00000000de180000,0x00000000deaf9ed0,0x00000000deb00000)
  to   space 17920K, 0% used [0x00000000e1f80000,0x00000000e1f80000,0x00000000e3100000)
 ParOldGen       total 76288K, used 25811K [0x0000000081e00000, 0x0000000086880000, 0x00000000d5f80000)
  object space 76288K, 33% used [0x0000000081e00000,0x0000000083734c38,0x0000000086880000)
 Metaspace       used 50150K, capacity 53322K, committed 53376K, reserved 1095680K
  class space    used 6955K, capacity 7515K, committed 7552K, reserved 1048576K
}
Event: 16.636 GC heap before
{Heap before GC invocations=12 (full 2):
 PSYoungGen      total 142848K, used 72491K [0x00000000d5f80000, 0x00000000e3100000, 0x0000000100000000)
  eden space 133120K, 47% used [0x00000000d5f80000,0x00000000d9cd0eb0,0x00000000de180000)
  from space 9728K, 99% used [0x00000000de180000,0x00000000deaf9ed0,0x00000000deb00000)
  to   space 17920K, 0% used [0x00000000e1f80000,0x00000000e1f80000,0x00000000e3100000)
 ParOldGen       total 76288K, used 25811K [0x0000000081e00000, 0x0000000086880000, 0x00000000d5f80000)
  object space 76288K, 33% used [0x0000000081e00000,0x0000000083734c38,0x0000000086880000)
 Metaspace       used 54371K, capacity 58058K, committed 58240K, reserved 1103872K
  class space    used 7545K, capacity 8195K, committed 8320K, reserved 1048576K
Event: 16.668 GC heap after
Heap after GC invocations=12 (full 2):
 PSYoungGen      total 188416K, used 13759K [0x00000000d5f80000, 0x00000000e2e00000, 0x0000000100000000)
  eden space 173568K, 0% used [0x00000000d5f80000,0x00000000d5f80000,0x00000000e0900000)
  from space 14848K, 92% used [0x00000000e1f80000,0x00000000e2ceff48,0x00000000e2e00000)
  to   space 18944K, 0% used [0x00000000e0900000,0x00000000e0900000,0x00000000e1b80000)
 ParOldGen       total 76288K, used 25819K [0x0000000081e00000, 0x0000000086880000, 0x00000000d5f80000)
  object space 76288K, 33% used [0x0000000081e00000,0x0000000083736c38,0x0000000086880000)
 Metaspace       used 54371K, capacity 58058K, committed 58240K, reserved 1103872K
  class space    used 7545K, capacity 8195K, committed 8320K, reserved 1048576K
}
Event: 16.668 GC heap before
{Heap before GC invocations=13 (full 3):
 PSYoungGen      total 188416K, used 13759K [0x00000000d5f80000, 0x00000000e2e00000, 0x0000000100000000)
  eden space 173568K, 0% used [0x00000000d5f80000,0x00000000d5f80000,0x00000000e0900000)
  from space 14848K, 92% used [0x00000000e1f80000,0x00000000e2ceff48,0x00000000e2e00000)
  to   space 18944K, 0% used [0x00000000e0900000,0x00000000e0900000,0x00000000e1b80000)
 ParOldGen       total 76288K, used 25819K [0x0000000081e00000, 0x0000000086880000, 0x00000000d5f80000)
  object space 76288K, 33% used [0x0000000081e00000,0x0000000083736c38,0x0000000086880000)
 Metaspace       used 54371K, capacity 58058K, committed 58240K, reserved 1103872K
  class space    used 7545K, capacity 8195K, committed 8320K, reserved 1048576K
Event: 16.929 GC heap after
Heap after GC invocations=13 (full 3):
 PSYoungGen      total 188416K, used 0K [0x00000000d5f80000, 0x00000000e2e00000, 0x0000000100000000)
  eden space 173568K, 0% used [0x00000000d5f80000,0x00000000d5f80000,0x00000000e0900000)
  from space 14848K, 0% used [0x00000000e1f80000,0x00000000e1f80000,0x00000000e2e00000)
  to   space 18944K, 0% used [0x00000000e0900000,0x00000000e0900000,0x00000000e1b80000)
 ParOldGen       total 76288K, used 23986K [0x0000000081e00000, 0x0000000086880000, 0x00000000d5f80000)
  object space 76288K, 31% used [0x0000000081e00000,0x000000008356c8a8,0x0000000086880000)
 Metaspace       used 54371K, capacity 58058K, committed 58240K, reserved 1101824K
  class space    used 7545K, capacity 8195K, committed 8320K, reserved 1048576K
}

